--- ASSET DETAILS ---
{
  "_id": "698a13ffc2d40a6ceda267c0",
  "tenantId": "global",
  "industry": "ELEVATORS",
  "filename": "Real Decreto 203-2016 - BOE-A-2016-4953-consolidado.pdf",
  "componentType": "Real Decreto 203-2016",
  "model": "PENDING",
  "version": "1.0",
  "revisionDate": "2026-02-09T17:06:07.915Z",
  "language": "es",
  "status": "vigente",
  "ingestionStatus": "FAILED",
  "progress": 15,
  "attempts": 1,
  "cloudinaryUrl": "https://res.cloudinary.com/ds81rqpk4/raw/upload/v1770656766/abd-rag-platform/tenants/abd_global/documentos-rag/1770656765021_Real%20Decreto%20203-2016%20-%20BOE-A-2016-4953-consolidado",
  "cloudinaryPublicId": "abd-rag-platform/tenants/abd_global/documentos-rag/1770656765021_Real Decreto 203-2016 - BOE-A-2016-4953-consolidado",
  "fileMd5": "a9ffd0f06ca0011b16048a7e4857eda6",
  "sizeBytes": 368438,
  "totalChunks": 0,
  "documentTypeId": "6981cdf440dac31d56209281",
  "relatedAssets": [],
  "scope": "INDUSTRY",
  "environment": "PRODUCTION",
  "createdAt": "2026-02-09T17:06:07.917Z",
  "updatedAt": "2026-02-09T18:39:36.983Z",
  "error": "Fallo al extraer texto del PDF"
}

--- RECENT LOGS FOR THIS ASSET ---
No relevant logs found in "logs" collection.
